2021-07-30 23:15:16.756  INFO 6464 --- [main] lavalink.server.Launcher                 : 

[32m       .  [31m _                  _ _       _    [32m__ _ _
[32m      /\\ [31m| | __ ___   ____ _| (_)_ __ | | __[32m\ \ \ \
[32m     ( ( )[31m| |/ _` \ \ / / _` | | | '_ \| |/ /[32m \ \ \ \
[32m      \\/ [31m| | (_| |\ V / (_| | | | | | |   < [32m  ) ) ) )
[32m       '  [31m|_|\__,_| \_/ \__,_|_|_|_| |_|_|\_\[32m / / / /
[0m    =========================================[32m/_/_/_/[0m

	Version:        44fcfdf945fc6cd9ce6c96480d3b7dc098897a51-SNAPSHOT
	Build:          Unofficial
	Build time:     01.04.2021 09:53:06 UTC
	Branch          dev
	Commit:         44fcfdf
	Commit time:    01.04.2021 08:19:05 UTC
	JVM:            16.0.2
	Lavaplayer      1.3.74

2021-07-30 23:15:17.204  INFO 6464 --- [main] lavalink.server.Launcher                 : Starting Launcher on DESKTOP-3UKBT2C with PID 6464 (C:\Users\- uselesx\Desktop\A-Advance-Discord-Music-Bot-Like-Hydra--main\Lavalink.jar started by - uselesx in C:\Users\- uselesx\Desktop\A-Advance-Discord-Music-Bot-Like-Hydra--main)
2021-07-30 23:15:17.205  INFO 6464 --- [main] lavalink.server.Launcher                 : No active profile set, falling back to default profiles: default
2021-07-30 23:15:17.387  WARN 6464 --- [background-preinit] o.s.h.c.j.Jackson2ObjectMapperBuilder    : For Jackson Kotlin classes support please add "com.fasterxml.jackson.module:jackson-module-kotlin" to the classpath
2021-07-30 23:15:21.089  WARN 6464 --- [main] io.undertow.websockets.jsr               : UT026010: Buffer pool was not set on WebSocketDeploymentInfo, the default pool will be used
2021-07-30 23:15:21.158  INFO 6464 --- [main] io.undertow.servlet                      : Initializing Spring embedded WebApplicationContext
2021-07-30 23:15:21.158  INFO 6464 --- [main] o.s.web.context.ContextLoader            : Root WebApplicationContext: initialization completed in 3680 ms
2021-07-30 23:15:22.215  WARN 6464 --- [main] l.server.config.SentryConfiguration      : Turning off sentry
2021-07-30 23:15:23.676  INFO 6464 --- [main] c.s.d.l.tools.GarbageCollectionMonitor   : GC monitoring enabled, reporting results every 2 minutes.
2021-07-30 23:15:24.633  INFO 6464 --- [main] lavalink.server.config.KoeConfiguration  : OS: Windows 10, Arch: amd64
2021-07-30 23:15:24.634  WARN 6464 --- [main] lavalink.server.config.KoeConfiguration  : This system and architecture appears to not support native audio sending! GC pauses may cause your bot to stutter during playback.
2021-07-30 23:15:25.118  INFO 6464 --- [main] o.s.s.concurrent.ThreadPoolTaskExecutor  : Initializing ExecutorService 'applicationTaskExecutor'
2021-07-30 23:15:25.983  INFO 6464 --- [main] org.xnio                                 : XNIO version 3.3.8.Final
2021-07-30 23:15:25.999  INFO 6464 --- [main] org.xnio.nio                             : XNIO NIO Implementation Version 3.3.8.Final
2021-07-30 23:15:26.124  INFO 6464 --- [main] o.s.b.w.e.u.UndertowServletWebServer     : Undertow started on port(s) 2333 (http) with context path ''
2021-07-30 23:15:26.130  INFO 6464 --- [main] lavalink.server.Launcher                 : Started Launcher in 11.46 seconds (JVM running for 14.563)
2021-07-30 23:15:26.135  INFO 6464 --- [main] lavalink.server.Launcher                 : You can safely ignore the big red warning about illegal reflection. See https://github.com/Frederikam/Lavalink/issues/295
2021-07-30 23:15:27.759  INFO 6464 --- [XNIO-1 task-1] io.undertow.servlet                      : Initializing Spring DispatcherServlet 'dispatcherServlet'
2021-07-30 23:15:27.759  INFO 6464 --- [XNIO-1 task-1] o.s.web.servlet.DispatcherServlet        : Initializing Servlet 'dispatcherServlet'
2021-07-30 23:15:27.767  INFO 6464 --- [XNIO-1 task-1] o.s.web.servlet.DispatcherServlet        : Completed initialization in 7 ms
2021-07-30 23:15:27.819  INFO 6464 --- [XNIO-1 task-1] l.server.io.HandshakeInterceptorImpl     : Incoming connection from /127.0.0.1:54467
2021-07-30 23:15:27.980  INFO 6464 --- [XNIO-1 task-1] lavalink.server.io.SocketServer          : Connection successfully established from erela.js
2021-07-30 23:15:43.360  INFO 6464 --- [XNIO-1 I/O-3] lavalink.server.io.SocketServer          : {"op":"volume","guildId":"425339705580716032","volume":50}
2021-07-30 23:15:43.370  INFO 6464 --- [XNIO-1 I/O-3] lavalink.server.io.SocketServer          : {"op":"equalizer","guildId":"425339705580716032","bands":[{"band":0,"gain":0.25},{"band":1,"gain":0.025},{"band":2,"gain":0.0125},{"band":3,"gain":0},{"band":4,"gain":0},{"band":5,"gain":-0.0125},{"band":6,"gain":-0.025},{"band":7,"gain":-0.0175},{"band":8,"gain":0},{"band":9,"gain":0},{"band":10,"gain":0.0125},{"band":11,"gain":0.025},{"band":12,"gain":0.25},{"band":13,"gain":0.125},{"band":14,"gain":0.125}]}
2021-07-30 23:15:43.371  WARN 6464 --- [XNIO-1 I/O-3] lavalink.server.io.WebSocketHandlers     : The 'equalizer' op has been deprecated in favour of the 'filters' op. Please switch to use that one, as this op will get removed in v4.
2021-07-30 23:15:43.376  INFO 6464 --- [XNIO-1 I/O-3] lavalink.server.io.SocketServer          : {"op":"volume","guildId":"425339705580716032","volume":100}
2021-07-30 23:15:43.377  INFO 6464 --- [XNIO-1 I/O-3] lavalink.server.io.SocketServer          : {"op":"stop","guildId":"425339705580716032"}
2021-07-30 23:15:43.433  INFO 6464 --- [XNIO-1 task-2] l.server.player.AudioLoaderRestHandler   : Got request to load for identifier "ytsearch:pa po pe"
2021-07-30 23:15:43.608  INFO 6464 --- [XNIO-1 I/O-3] lavalink.server.io.SocketServer          : {"sessionId":"0b52d94dad2dbe75455a0f04c63ba9e4","op":"voiceUpdate","guildId":"425339705580716032","event":{"token":"a96c22c6bc37a650","guild_id":"425339705580716032","endpoint":"eu-central6570.discord.media:443"}}
2021-07-30 23:15:44.583  INFO 6464 --- [XNIO-1 I/O-3] lavalink.server.io.SocketServer          : {"sessionId":"0b52d94dad2dbe75455a0f04c63ba9e4","op":"voiceUpdate","guildId":"425339705580716032","event":{"token":"a96c22c6bc37a650","guild_id":"425339705580716032","endpoint":"eu-central6570.discord.media:443"}}
2021-07-30 23:15:45.841  INFO 6464 --- [lava-daemon-pool-info-loader-2-thread-1] lavalink.server.player.AudioLoader       : Loaded playlist Search results for: pa po pe
2021-07-30 23:15:45.926  INFO 6464 --- [XNIO-1 I/O-3] lavalink.server.io.SocketServer          : {"op":"play","guildId":"425339705580716032","track":"QAAAagIACFBBIFBPIFBFAAhTaHJha21hbgAAAAAAAGl4AAtXaWhXeHdod1o2awABACtodHRwczovL3d3dy55b3V0dWJlLmNvbS93YXRjaD92PVdpaFd4d2h3WjZrAAd5b3V0dWJlAAAAAAAAAAA="}
2021-07-30 23:15:47.457  INFO 6464 --- [lava-daemon-pool-playback-1-thread-1] c.s.l.c.natives.NativeLibraryLoader      : Native library libmpg123-0: loading with filter com.sedmelluq.discord.lavaplayer.natives.ConnectorNativeLibLoader$$Lambda$595/0x000000080130bb20@68384b5c
2021-07-30 23:15:47.511  INFO 6464 --- [lava-daemon-pool-playback-1-thread-1] c.s.l.c.natives.NativeLibraryLoader      : Native library libmpg123-0: successfully loaded.
2021-07-30 23:15:47.514  INFO 6464 --- [lava-daemon-pool-playback-1-thread-1] c.s.l.c.natives.NativeLibraryLoader      : Native library connector: loading with filter null
2021-07-30 23:15:47.767  INFO 6464 --- [lava-daemon-pool-playback-1-thread-1] c.s.l.c.natives.NativeLibraryLoader      : Native library connector: successfully loaded.
2021-07-30 23:16:26.507  INFO 6464 --- [XNIO-1 I/O-3] lavalink.server.io.SocketServer          : {"sessionId":"0b52d94dad2dbe75455a0f04c63ba9e4","op":"voiceUpdate","guildId":"425339705580716032","event":{"token":"a96c22c6bc37a650","guild_id":"425339705580716032","endpoint":"eu-central6570.discord.media:443"}}
2021-07-30 23:16:26.567  INFO 6464 --- [XNIO-1 I/O-3] lavalink.server.io.SocketServer          : {"op":"destroy","guildId":"425339705580716032"}
2021-07-30 23:16:29.350  INFO 6464 --- [XNIO-1 I/O-3] lavalink.server.io.SocketServer          : Connection closed from /127.0.0.1:54467 -- CloseStatus[code=1006, reason=]
2021-07-30 23:16:29.359  INFO 6464 --- [XNIO-1 I/O-3] lavalink.server.io.SocketContext         : Shutting down 0 playing players.
